<?xml version="1.0" encoding="UTF-8"?>
<!-- Generated by org.testng.reporters.JUnitReportReporter -->
<testsuite hostname="Dewendra" failures="0" tests="1" name="restAssuredTest.GetRequest_Demo1" time="1.559" errors="0" timestamp="2025-07-17T16:24:08 IST" skipped="0">
  <testcase classname="restAssuredTest.GetRequest_Demo1" name="getWeatherDetails" time="1.559"/>
</testsuite> <!-- restAssuredTest.GetRequest_Demo1 -->
