<?xml version="1.0" encoding="UTF-8"?>
<!-- Generated by org.testng.reporters.JUnitReportReporter -->
<testsuite hostname="Dewendra" failures="0" tests="1" name="restAssuredTest.PostRequest_Demo1" time="1.564" errors="0" timestamp="2025-07-17T18:39:27 IST" skipped="0">
  <testcase classname="restAssuredTest.PostRequest_Demo1" name="testpostData" time="1.564"/>
</testsuite> <!-- restAssuredTest.PostRequest_Demo1 -->
