<?xml version="1.0" encoding="UTF-8"?>
<!-- Generated by org.testng.reporters.JUnitReportReporter -->
<testsuite hostname="Dewendra" failures="0" tests="1" name="com.api.test.UserProfileAPITest" time="1.582" errors="0" timestamp="2025-09-08T12:22:47 IST" skipped="0">
  <testcase classname="com.api.test.UserProfileAPITest" name="getUserProfile" time="1.582"/>
</testsuite> <!-- com.api.test.UserProfileAPITest -->
