<?xml version="1.0" encoding="UTF-8"?>
<!-- Generated by org.testng.reporters.JUnitReportReporter -->
<testsuite hostname="Dewendra" failures="0" tests="1" name="com.api.test.LoginAPITest2" time="1.232" errors="0" timestamp="2025-09-05T15:22:00 IST" skipped="0">
  <testcase classname="com.api.test.LoginAPITest2" name="loginTest" time="1.232"/>
</testsuite> <!-- com.api.test.LoginAPITest2 -->
