<?xml version="1.0" encoding="UTF-8"?>
<!-- Generated by org.testng.reporters.JUnitReportReporter -->
<testsuite hostname="Dewendra" failures="0" tests="1" name="com.api.test.SignupAPITest" time="1.424" errors="0" timestamp="2025-09-08T11:05:59 IST" skipped="0">
  <testcase classname="com.api.test.SignupAPITest" name="signupTest" time="1.424"/>
</testsuite> <!-- com.api.test.SignupAPITest -->
