<?xml version="1.0" encoding="UTF-8"?>
<!-- Generated by org.testng.reporters.JUnitReportReporter -->
<testsuite hostname="Dewendra" failures="0" tests="1" name="com.api.test.LoginAPITest3" time="1.365" errors="0" timestamp="2025-09-08T16:44:03 IST" skipped="0">
  <testcase classname="com.api.test.LoginAPITest3" name="loginTest" time="1.365"/>
</testsuite> <!-- com.api.test.LoginAPITest3 -->
