<?xml version="1.0" encoding="UTF-8"?>
<!-- Generated by org.testng.reporters.JUnitReportReporter -->
<testsuite hostname="Dewendra" failures="0" tests="1" name="com.api.test.ProfileUpdateAPITest" time="1.891" errors="0" timestamp="2025-09-08T14:24:53 IST" skipped="0">
  <testcase classname="com.api.test.ProfileUpdateAPITest" name="partialProfileUpdateTest" time="1.891"/>
</testsuite> <!-- com.api.test.ProfileUpdateAPITest -->
