<?xml version="1.0" encoding="UTF-8"?>
<!-- Generated by org.testng.reporters.JUnitReportReporter -->
<testsuite hostname="Dewendra" failures="0" tests="7" name="com.hdor.addressApp.test.AddressTest" time="12.045" errors="0" timestamp="2025-10-10T17:12:03 IST" skipped="0">
  <testcase classname="com.hdor.addressApp.test.AddressTest" name="removeAddress" time="1.449"/>
  <testcase classname="com.hdor.addressApp.test.AddressTest" name="getUserPrimaryAddressTest" time="2.694"/>
  <testcase classname="com.hdor.addressApp.test.AddressTest" name="getAllDeliveryAddressTest" time="1.727"/>
  <testcase classname="com.hdor.addressApp.test.AddressTest" name="getAllBillingAddressTest" time="1.527"/>
  <testcase classname="com.hdor.addressApp.test.AddressTest" name="saveAddressTest" time="1.462"/>
  <testcase classname="com.hdor.addressApp.test.AddressTest" name="updateAddressTest" time="1.462"/>
  <testcase classname="com.hdor.addressApp.test.AddressTest" name="markAddressPrimaryTest" time="1.724"/>
</testsuite> <!-- com.hdor.addressApp.test.AddressTest -->
