<?xml version="1.0" encoding="UTF-8"?>
<!-- Generated by org.testng.reporters.JUnitReportReporter -->
<testsuite hostname="Dewendra" failures="0" tests="1" name="com.hdor.admin.address.test.AdminAddressTest" time="2.460" errors="0" timestamp="2025-10-14T14:40:56 IST" skipped="0">
  <testcase classname="com.hdor.admin.address.test.AdminAddressTest" name="getPrimaryAddressTest" time="2.460"/>
</testsuite> <!-- com.hdor.admin.address.test.AdminAddressTest -->
