<?xml version="1.0" encoding="UTF-8"?>
<!-- Generated by org.testng.reporters.JUnitReportReporter -->
<testsuite hostname="Dewendra" failures="0" tests="1" name="com.restAssured.CookiesDemo" time="1.769" errors="0" timestamp="2025-06-20T12:41:02 IST" skipped="0">
  <testcase classname="com.restAssured.CookiesDemo" name="getCookiesInfo" time="1.769"/>
</testsuite> <!-- com.restAssured.CookiesDemo -->
