<?xml version="1.0" encoding="UTF-8"?>
<!-- Generated by org.testng.reporters.JUnitReportReporter -->
<testsuite hostname="Dewendra" failures="0" tests="1" name="com.restAssured.gorestapichaining.GoRestAPIGetUser" time="0.715" errors="0" timestamp="2025-07-02T16:07:18 IST" skipped="0">
  <testcase classname="com.restAssured.gorestapichaining.GoRestAPIGetUser" name="getUser" time="0.715"/>
</testsuite> <!-- com.restAssured.gorestapichaining.GoRestAPIGetUser -->
