<?xml version="1.0" encoding="UTF-8"?>
<!-- Generated by org.testng.reporters.JUnitReportReporter -->
<testsuite hostname="Dewendra" failures="0" tests="1" name="com.restAssured.TestCode" time="1.995" errors="0" timestamp="2025-06-24T17:25:07 IST" skipped="0">
  <testcase classname="com.restAssured.TestCode" name="testJSONResponse" time="1.995"/>
</testsuite> <!-- com.restAssured.TestCode -->
