<?xml version="1.0" encoding="UTF-8"?>
<!-- Generated by org.testng.reporters.JUnitReportReporter -->
<testsuite hostname="Dewendra" failures="0" tests="2" name="com.restAssured.DifferentWaysToCreatePostReqestBody" time="2.650" errors="0" timestamp="2025-06-18T19:37:31 IST" skipped="0">
  <testcase classname="com.restAssured.DifferentWaysToCreatePostReqestBody" name="postRequestBodyUsingExternalJsonFile" time="2.214"/>
  <testcase classname="com.restAssured.DifferentWaysToCreatePostReqestBody" name="deleteuser" time="0.436"/>
</testsuite> <!-- com.restAssured.DifferentWaysToCreatePostReqestBody -->
