<?xml version="1.0" encoding="UTF-8"?>
<!-- Generated by org.testng.reporters.JUnitReportReporter -->
<testsuite hostname="Dewendra" failures="0" tests="1" name="com.rahulshetty.restAssured.AutomateGet" time="1.782" errors="0" timestamp="2025-08-10T21:33:24 IST" skipped="0">
  <testcase classname="com.rahulshetty.restAssured.AutomateGet" name="logs_blacklist_header" time="1.782"/>
</testsuite> <!-- com.rahulshetty.restAssured.AutomateGet -->
