<?xml version="1.0" encoding="UTF-8"?>
<!-- Generated by org.testng.reporters.JUnitReportReporter -->
<testsuite hostname="Dewendra" failures="0" tests="1" name="com.restAssured.ParsingJSONResponseData" time="1.826" errors="0" timestamp="2025-06-24T17:45:40 IST" skipped="0">
  <testcase classname="com.restAssured.ParsingJSONResponseData" name="testJSONResponse" time="1.826"/>
</testsuite> <!-- com.restAssured.ParsingJSONResponseData -->
