<?xml version="1.0" encoding="UTF-8"?>
<!-- Generated by org.testng.reporters.JUnitReportReporter -->
<testsuite hostname="Dewendra" failures="0" tests="3" name="com.restAssured.HttpRequest" time="3.352" errors="0" timestamp="2025-06-18T18:28:24 IST" skipped="0">
  <testcase classname="com.restAssured.HttpRequest" name="createUser" time="2.569"/>
  <testcase classname="com.restAssured.HttpRequest" name="updateUser" time="0.437"/>
  <testcase classname="com.restAssured.HttpRequest" name="deleteUser" time="0.346"/>
</testsuite> <!-- com.restAssured.HttpRequest -->
