<?xml version="1.0" encoding="UTF-8"?>
<!-- Generated by org.testng.reporters.JUnitReportReporter -->
<testsuite hostname="Dewendra" failures="0" tests="1" name="com.restAssured.PathAndQueryParameters" time="1.895" errors="0" timestamp="2025-06-18T20:14:56 IST" skipped="0">
  <testcase classname="com.restAssured.PathAndQueryParameters" name="testQueryAndPathParameters" time="1.895"/>
</testsuite> <!-- com.restAssured.PathAndQueryParameters -->
