<?xml version="1.0" encoding="UTF-8"?>
<!-- Generated by org.testng.reporters.JUnitReportReporter -->
<testsuite hostname="Dewendra" failures="0" tests="1" name="com.restAssured.JSONSchemaValidation" time="2.478" errors="0" timestamp="2025-06-25T10:52:53 IST" skipped="0">
  <testcase classname="com.restAssured.JSONSchemaValidation" name="jsonSchemaValidation" time="2.478"/>
</testsuite> <!-- com.restAssured.JSONSchemaValidation -->
