<?xml version="1.0" encoding="UTF-8"?>
<!-- Generated by org.testng.reporters.JUnitReportReporter -->
<testsuite hostname="Dewendra" failures="0" tests="1" name="com.restAssured.gorestapichaining.GoRestAPICreateUser" time="2.913" errors="0" timestamp="2025-07-02T16:07:18 IST" skipped="0">
  <testcase classname="com.restAssured.gorestapichaining.GoRestAPICreateUser" name="createUser" time="2.913"/>
</testsuite> <!-- com.restAssured.gorestapichaining.GoRestAPICreateUser -->
