<?xml version="1.0" encoding="UTF-8"?>
<!-- Generated by org.testng.reporters.JUnitReportReporter -->
<testsuite hostname="Dewendra" failures="0" tests="1" name="com.restAssured.LoggingDemo" time="1.302" errors="0" timestamp="2025-06-20T20:46:41 IST" skipped="0">
  <testcase classname="com.restAssured.LoggingDemo" name="testLogs" time="1.302"/>
</testsuite> <!-- com.restAssured.LoggingDemo -->
