<?xml version="1.0" encoding="UTF-8"?>
<!-- Generated by org.testng.reporters.JUnitReportReporter -->
<testsuite hostname="Dewendra" failures="0" tests="1" name="com.restAssured.HeadersDemo" time="3.063" errors="0" timestamp="2025-06-20T20:39:12 IST" skipped="0">
  <testcase classname="com.restAssured.HeadersDemo" name="captureTheInfoFromHeaders" time="3.063"/>
</testsuite> <!-- com.restAssured.HeadersDemo -->
