<?xml version="1.0" encoding="UTF-8"?>
<!-- Generated by org.testng.reporters.JUnitReportReporter -->
<testsuite hostname="Dewendra" failures="0" tests="1" name="com.rahulshetty.restAssured.AutomateGet" time="2.755" errors="0" timestamp="2025-08-30T21:15:49 IST" skipped="0">
  <testcase classname="com.rahulshetty.restAssured.AutomateGet" name="logs_blacklist_header" time="2.755"/>
</testsuite> <!-- com.rahulshetty.restAssured.AutomateGet -->
