<?xml version="1.0" encoding="UTF-8"?>
<!-- Generated by org.testng.reporters.JUnitReportReporter -->
<testsuite hostname="Dewendra" failures="0" tests="1" name="com.restAssured.Authentication" time="1.402" errors="0" timestamp="2025-06-30T14:46:01 IST" skipped="0">
  <testcase classname="com.restAssured.Authentication" name="testApiKeyAuthentication" time="1.402"/>
</testsuite> <!-- com.restAssured.Authentication -->
