<?xml version="1.0" encoding="UTF-8"?>
<!-- Generated by org.testng.reporters.JUnitReportReporter -->
<testsuite hostname="Dewendra" failures="0" tests="1" name="com.rahulshetty.restAssured.StaticImports" time="3.369" errors="0" timestamp="2025-08-30T21:18:13 IST" skipped="0">
  <testcase classname="com.rahulshetty.restAssured.StaticImports" name="simple_test_case" time="3.369"/>
</testsuite> <!-- com.rahulshetty.restAssured.StaticImports -->
