<?xml version="1.0" encoding="UTF-8"?>
<!-- Generated by org.testng.reporters.JUnitReportReporter -->
<testsuite hostname="Dewendra" failures="0" tests="1" name="com.restAssured.FakerDataGenerater" time="0.165" errors="0" timestamp="2025-07-01T19:59:19 IST" skipped="0">
  <testcase classname="com.restAssured.FakerDataGenerater" name="testFakedataGenerater" time="0.165"/>
</testsuite> <!-- com.restAssured.FakerDataGenerater -->
