<?xml version="1.0" encoding="UTF-8"?>
<!-- Generated by org.testng.reporters.JUnitReportReporter -->
<testsuite hostname="Dewendra" failures="0" tests="1" name="com.restAssured.SerializationAndDeserialization" time="0.172" errors="0" timestamp="2025-06-26T20:47:08 IST" skipped="0">
  <testcase classname="com.restAssured.SerializationAndDeserialization" name="convertJsonToPojo" time="0.172"/>
</testsuite> <!-- com.restAssured.SerializationAndDeserialization -->
