<?xml version="1.0" encoding="UTF-8"?>
<!-- Generated by org.testng.reporters.JUnitReportReporter -->
<testsuite hostname="Dewendra" failures="0" tests="1" name="com.restAssured.GoRestAPICreateUser" time="2.869" errors="0" timestamp="2025-07-02T15:12:14 IST" skipped="0">
  <testcase classname="com.restAssured.GoRestAPICreateUser" name="createUser" time="2.869"/>
</testsuite> <!-- com.restAssured.GoRestAPICreateUser -->
