<?xml version="1.0" encoding="UTF-8"?>
<!-- Generated by org.testng.reporters.JUnitReportReporter -->
<testsuite hostname="Dewendra" failures="0" tests="1" name="com.restAssured.ParsingXMLResponseData" time="2.785" errors="0" timestamp="2025-06-25T10:39:02 IST" skipped="0">
  <testcase classname="com.restAssured.ParsingXMLResponseData" name="testResponse" time="2.785"/>
</testsuite> <!-- com.restAssured.ParsingXMLResponseData -->
