<?xml version="1.0" encoding="UTF-8"?>
<!-- Generated by org.testng.reporters.JUnitReportReporter -->
<testsuite hostname="Dewendra" failures="0" tests="1" name="com.hdor.charityApp.endpoints.CharityEndPoints" time="2.680" errors="0" timestamp="2025-07-29T19:51:13 IST" skipped="0">
  <testcase classname="com.hdor.charityApp.endpoints.CharityEndPoints" name="test" time="2.680"/>
</testsuite> <!-- com.hdor.charityApp.endpoints.CharityEndPoints -->
