<?xml version="1.0" encoding="UTF-8"?>
<!-- Generated by org.testng.reporters.JUnitReportReporter -->
<testsuite hostname="Dewendra" failures="0" tests="1" name="com.hdor.charityApp.test.CharityTest" time="2.998" errors="0" timestamp="2025-07-30T16:40:14 IST" skipped="0">
  <testcase classname="com.hdor.charityApp.test.CharityTest" name="categoryTest" time="2.998"/>
</testsuite> <!-- com.hdor.charityApp.test.CharityTest -->
